0 info it worked if it ends with ok
1 verbose cli [ 'C:\\Program Files\\nodejs\\node.exe',
1 verbose cli   'C:\\Users\\asus\\AppData\\Roaming\\npm\\node_modules\\npm\\bin\\npm-cli.js',
1 verbose cli   'run',
1 verbose cli   'watch' ]
2 info using npm@3.10.8
3 info using node@v4.4.7
4 verbose run-script [ 'prewatch', 'watch', 'postwatch' ]
5 info lifecycle gooengine@1.0.0~prewatch: gooengine@1.0.0
6 silly lifecycle gooengine@1.0.0~prewatch: no script for prewatch, continuing
7 info lifecycle gooengine@1.0.0~watch: gooengine@1.0.0
8 verbose lifecycle gooengine@1.0.0~watch: unsafe-perm in lifecycle true
9 verbose lifecycle gooengine@1.0.0~watch: PATH: C:\Users\asus\AppData\Roaming\npm\node_modules\npm\bin\node-gyp-bin;D:\HTML5\Tapir\node_modules\.bin;C:\Users\asus\AppData\Roaming\npm;C:\Program Files\nodejs\;C:\ProgramData\Oracle\Java\javapath;C:\Program Files (x86)\Intel\iCLS Client\;C:\Program Files\Intel\iCLS Client\;C:\Windows\system32;C:\Windows;C:\Windows\System32\Wbem;C:\Windows\System32\WindowsPowerShell\v1.0\;C:\Program Files (x86)\Intel\Intel(R) Management Engine Components\DAL;C:\Program Files\Intel\Intel(R) Management Engine Components\DAL;C:\Program Files (x86)\Intel\Intel(R) Management Engine Components\IPT;C:\Program Files\Intel\Intel(R) Management Engine Components\IPT;C:\Program Files (x86)\NVIDIA Corporation\PhysX\Common;C:\Program Files\Intel\WiFi\bin\;C:\Program Files\Common Files\Intel\WirelessCommon\;C:\WINDOWS\system32;C:\WINDOWS;C:\WINDOWS\System32\Wbem;C:\WINDOWS\System32\WindowsPowerShell\v1.0\;C:\Program Files (x86)\Windows Kits\8.1\Windows Performance Toolkit\;C:\Program Files\Microsoft SQL Server\110\Tools\Binn\;C:\Program Files (x86)\Microsoft SDKs\TypeScript\1.0\;D:\Program Files (x86)\Crytek\CRYENGINE Launcher\Crytek\CRYENGINE_5.1\bin\win_x64;C:\Program Files (x86)\Skype\Phone\;C:\Program Files\nodejs\;C:\Program Files (x86)\GtkSharp\2.12\bin;D:\Program Files (x86)\GitExtensions\;C:\Program Files\Git\cmd;C:\Program Files (x86)\Windows Kits\10\Windows Performance Toolkit\;d:\HaxeToolkit\haxe\;d:\HaxeToolkit\neko;C:\Users\asus\AppData\Local\Programs\Python\Python35-32\Scripts\;C:\Users\asus\AppData\Local\Programs\Python\Python35-32\;d:\Program Files (x86)\Microsoft VS Code\bin;C:\Users\asus\AppData\Roaming\npm;C:\Users\asus\AppData\Local\Microsoft\WindowsApps;C:\Users\asus\AppData\Local\atom\bin
10 verbose lifecycle gooengine@1.0.0~watch: CWD: D:\HTML5\Tapir
11 silly lifecycle gooengine@1.0.0~watch: Args: [ '/d /s /c', 'watchify app.js -o bundle.js |beefy index.html' ]
12 silly lifecycle gooengine@1.0.0~watch: Returned: code: 3221225786  signal: null
13 info lifecycle gooengine@1.0.0~watch: Failed to exec watch script
14 verbose stack Error: gooengine@1.0.0 watch: `watchify app.js -o bundle.js |beefy index.html`
14 verbose stack Exit status 3221225786
14 verbose stack     at EventEmitter.<anonymous> (C:\Users\asus\AppData\Roaming\npm\node_modules\npm\lib\utils\lifecycle.js:255:16)
14 verbose stack     at emitTwo (events.js:87:13)
14 verbose stack     at EventEmitter.emit (events.js:172:7)
14 verbose stack     at ChildProcess.<anonymous> (C:\Users\asus\AppData\Roaming\npm\node_modules\npm\lib\utils\spawn.js:40:14)
14 verbose stack     at emitTwo (events.js:87:13)
14 verbose stack     at ChildProcess.emit (events.js:172:7)
14 verbose stack     at maybeClose (internal/child_process.js:827:16)
14 verbose stack     at Process.ChildProcess._handle.onexit (internal/child_process.js:211:5)
15 verbose pkgid gooengine@1.0.0
16 verbose cwd D:\HTML5\Tapir
17 error Windows_NT 10.0.14393
18 error argv "C:\\Program Files\\nodejs\\node.exe" "C:\\Users\\asus\\AppData\\Roaming\\npm\\node_modules\\npm\\bin\\npm-cli.js" "run" "watch"
19 error node v4.4.7
20 error npm  v3.10.8
21 error code ELIFECYCLE
22 error gooengine@1.0.0 watch: `watchify app.js -o bundle.js |beefy index.html`
22 error Exit status 3221225786
23 error Failed at the gooengine@1.0.0 watch script 'watchify app.js -o bundle.js |beefy index.html'.
23 error Make sure you have the latest version of node.js and npm installed.
23 error If you do, this is most likely a problem with the gooengine package,
23 error not with npm itself.
23 error Tell the author that this fails on your system:
23 error     watchify app.js -o bundle.js |beefy index.html
23 error You can get information on how to open an issue for this project with:
23 error     npm bugs gooengine
23 error Or if that isn't available, you can get their info via:
23 error     npm owner ls gooengine
23 error There is likely additional logging output above.
24 verbose exit [ 1, true ]
